helpfi.are
help2.are
help.are
group.are
social.are
rom.are
immort.are
limbo.are
plains.are
ofcol2.are
olympus.are
air.are
shire.are
hitower.are
gnome.are
wyvern.are
catacomb.are
hood.are
draconia.are
mahntor.are
trollden.are
midgaard.are
chapel.are
cliffs.are
ciquala.are
firenewt.are
midennir.are
grave.are
school.are
moria.are
eastern.are
hauntru.are
drow.are
thalos.are
mirror.are
ofcol.are
haon.are
arachnos.are
dwarven.are
daycare.are
sewer.are
valley.are
redferne.are
mega1.are
marsh.are
dream.are
grove.are
nirvana.are
dylan.are
canyon.are
galaxy.are
mobfact.are
newthalos.are
lotus.are
blight.are
bazzar.are
sunkencity.are
kadian.are
scythia.are
froboz.are
domin.are
kender.are
arabian.are
troy.are
crypt4.are
unholy.are
rhps2.are
grail.are
dracula.are
cloud.are
enclave.are
three.are
chaos2.are
camp.are
inferno.are
cloudymt.are
xian.are
rand2.are
camelot.are
kerofk.are
astral.are
armag.are
prison.are
bazaar.are
cage.are
gtown.are
drakyri.are
deathdun.are
free.are
amber.are
mal.are
faerie.are
jher.are
divsoul.are
quest.are
hell23.are
pyram23.are
antharia.are
dhome.are
golem.are
fortress.are
green.are
walius.are
dark.are
fan.are
pship.are
smurf.are
Sons_Of_Light.are
centerearth.are
$
